D, [2017-09-08T14:07:02.308727 #45] DEBUG -- :   [1m[35m (7.1ms)[0m  [1m[35mCREATE TABLE "schema_migrations" ("version" character varying NOT NULL PRIMARY KEY)[0m
D, [2017-09-08T14:07:02.317379 #45] DEBUG -- :   [1m[35m (5.6ms)[0m  [1m[35mCREATE TABLE "ar_internal_metadata" ("key" character varying NOT NULL PRIMARY KEY, "value" character varying, "created_at" timestamp NOT NULL, "updated_at" timestamp NOT NULL)[0m
D, [2017-09-08T14:07:02.318849 #45] DEBUG -- :   [1m[35m (0.4ms)[0m  [1m[34mSELECT pg_try_advisory_lock(6866522877798867570)[0m
D, [2017-09-08T14:07:02.336909 #45] DEBUG -- :   [1m[35m (0.6ms)[0m  [1m[34mSELECT "schema_migrations"."version" FROM "schema_migrations" ORDER BY "schema_migrations"."version" ASC[0m
I, [2017-09-08T14:07:02.338550 #45]  INFO -- : Migrating to CreatePlaces (20170907192137)
D, [2017-09-08T14:07:02.340884 #45] DEBUG -- :   [1m[35m (0.3ms)[0m  [1m[35mBEGIN[0m
D, [2017-09-08T14:07:02.397547 #45] DEBUG -- :   [1m[35m (55.8ms)[0m  [1m[35mCREATE TABLE "places" ("id" bigserial primary key, "name" character varying, "coords" geography(POINT,4326), "created_at" timestamp NOT NULL, "updated_at" timestamp NOT NULL)[0m
D, [2017-09-08T14:07:02.402828 #45] DEBUG -- :   [1m[35m (1.2ms)[0m  [1m[35mCREATE  INDEX  "index_places_on_coords" ON "places" USING gist ("coords")[0m
D, [2017-09-08T14:07:02.408942 #45] DEBUG -- :   [1m[35mSQL (0.9ms)[0m  [1m[32mINSERT INTO "schema_migrations" ("version") VALUES ($1) RETURNING "version"[0m  [["version", "20170907192137"]]
D, [2017-09-08T14:07:02.410988 #45] DEBUG -- :   [1m[35m (1.5ms)[0m  [1m[35mCOMMIT[0m
D, [2017-09-08T14:07:02.415735 #45] DEBUG -- :   [1m[36mActiveRecord::InternalMetadata Load (0.5ms)[0m  [1m[34mSELECT  "ar_internal_metadata".* FROM "ar_internal_metadata" WHERE "ar_internal_metadata"."key" = $1 LIMIT $2[0m  [["key", "environment"], ["LIMIT", 1]]
D, [2017-09-08T14:07:02.421550 #45] DEBUG -- :   [1m[35m (0.3ms)[0m  [1m[35mBEGIN[0m
D, [2017-09-08T14:07:02.423434 #45] DEBUG -- :   [1m[35mSQL (0.6ms)[0m  [1m[32mINSERT INTO "ar_internal_metadata" ("key", "value", "created_at", "updated_at") VALUES ($1, $2, $3, $4) RETURNING "key"[0m  [["key", "environment"], ["value", "production"], ["created_at", "2017-09-08 14:07:02.422025"], ["updated_at", "2017-09-08 14:07:02.422025"]]
D, [2017-09-08T14:07:02.425183 #45] DEBUG -- :   [1m[35m (1.4ms)[0m  [1m[35mCOMMIT[0m
D, [2017-09-08T14:07:02.425960 #45] DEBUG -- :   [1m[35m (0.5ms)[0m  [1m[34mSELECT pg_advisory_unlock(6866522877798867570)[0m
D, [2017-09-08T14:09:46.376441 #12] DEBUG -- :   [1m[35m (0.3ms)[0m  [1m[34mSELECT pg_try_advisory_lock(6866522877798867570)[0m
D, [2017-09-08T14:09:46.387494 #12] DEBUG -- :   [1m[35m (0.6ms)[0m  [1m[34mSELECT "schema_migrations"."version" FROM "schema_migrations" ORDER BY "schema_migrations"."version" ASC[0m
D, [2017-09-08T14:09:46.391644 #12] DEBUG -- :   [1m[36mActiveRecord::InternalMetadata Load (0.4ms)[0m  [1m[34mSELECT  "ar_internal_metadata".* FROM "ar_internal_metadata" WHERE "ar_internal_metadata"."key" = $1 LIMIT $2[0m  [["key", "environment"], ["LIMIT", 1]]
D, [2017-09-08T14:09:46.396615 #12] DEBUG -- :   [1m[35m (0.1ms)[0m  [1m[35mBEGIN[0m
D, [2017-09-08T14:09:46.397670 #12] DEBUG -- :   [1m[35m (0.1ms)[0m  [1m[35mCOMMIT[0m
D, [2017-09-08T14:09:46.398083 #12] DEBUG -- :   [1m[35m (0.2ms)[0m  [1m[34mSELECT pg_advisory_unlock(6866522877798867570)[0m
D, [2017-09-08T14:10:22.218077 #45] DEBUG -- :   [1m[35m (0.3ms)[0m  [1m[34mSELECT pg_try_advisory_lock(6866522877798867570)[0m
D, [2017-09-08T14:10:22.228911 #45] DEBUG -- :   [1m[35m (0.7ms)[0m  [1m[34mSELECT "schema_migrations"."version" FROM "schema_migrations" ORDER BY "schema_migrations"."version" ASC[0m
D, [2017-09-08T14:10:22.233035 #45] DEBUG -- :   [1m[36mActiveRecord::InternalMetadata Load (0.4ms)[0m  [1m[34mSELECT  "ar_internal_metadata".* FROM "ar_internal_metadata" WHERE "ar_internal_metadata"."key" = $1 LIMIT $2[0m  [["key", "environment"], ["LIMIT", 1]]
D, [2017-09-08T14:10:22.237741 #45] DEBUG -- :   [1m[35m (0.2ms)[0m  [1m[35mBEGIN[0m
D, [2017-09-08T14:10:22.238826 #45] DEBUG -- :   [1m[35m (0.1ms)[0m  [1m[35mCOMMIT[0m
D, [2017-09-08T14:10:22.239229 #45] DEBUG -- :   [1m[35m (0.2ms)[0m  [1m[34mSELECT pg_advisory_unlock(6866522877798867570)[0m
D, [2017-09-08T14:11:02.941806 #45] DEBUG -- :   [1m[35m (0.3ms)[0m  [1m[34mSELECT pg_try_advisory_lock(6866522877798867570)[0m
D, [2017-09-08T14:11:02.952610 #45] DEBUG -- :   [1m[35m (0.7ms)[0m  [1m[34mSELECT "schema_migrations"."version" FROM "schema_migrations" ORDER BY "schema_migrations"."version" ASC[0m
D, [2017-09-08T14:11:02.956690 #45] DEBUG -- :   [1m[36mActiveRecord::InternalMetadata Load (0.4ms)[0m  [1m[34mSELECT  "ar_internal_metadata".* FROM "ar_internal_metadata" WHERE "ar_internal_metadata"."key" = $1 LIMIT $2[0m  [["key", "environment"], ["LIMIT", 1]]
D, [2017-09-08T14:11:02.961243 #45] DEBUG -- :   [1m[35m (0.1ms)[0m  [1m[35mBEGIN[0m
D, [2017-09-08T14:11:02.962430 #45] DEBUG -- :   [1m[35m (0.1ms)[0m  [1m[35mCOMMIT[0m
D, [2017-09-08T14:11:02.962835 #45] DEBUG -- :   [1m[35m (0.2ms)[0m  [1m[34mSELECT pg_advisory_unlock(6866522877798867570)[0m
D, [2017-09-08T14:11:30.941567 #45] DEBUG -- :   [1m[35m (0.4ms)[0m  [1m[34mSELECT pg_try_advisory_lock(6866522877798867570)[0m
D, [2017-09-08T14:11:30.955936 #45] DEBUG -- :   [1m[35m (0.7ms)[0m  [1m[34mSELECT "schema_migrations"."version" FROM "schema_migrations" ORDER BY "schema_migrations"."version" ASC[0m
D, [2017-09-08T14:11:30.960177 #45] DEBUG -- :   [1m[36mActiveRecord::InternalMetadata Load (0.4ms)[0m  [1m[34mSELECT  "ar_internal_metadata".* FROM "ar_internal_metadata" WHERE "ar_internal_metadata"."key" = $1 LIMIT $2[0m  [["key", "environment"], ["LIMIT", 1]]
D, [2017-09-08T14:11:30.965040 #45] DEBUG -- :   [1m[35m (0.2ms)[0m  [1m[35mBEGIN[0m
D, [2017-09-08T14:11:30.966168 #45] DEBUG -- :   [1m[35m (0.1ms)[0m  [1m[35mCOMMIT[0m
D, [2017-09-08T14:11:30.966606 #45] DEBUG -- :   [1m[35m (0.3ms)[0m  [1m[34mSELECT pg_advisory_unlock(6866522877798867570)[0m
D, [2017-09-08T14:12:02.382159 #45] DEBUG -- :   [1m[35m (0.3ms)[0m  [1m[34mSELECT pg_try_advisory_lock(6866522877798867570)[0m
D, [2017-09-08T14:12:02.393497 #45] DEBUG -- :   [1m[35m (0.7ms)[0m  [1m[34mSELECT "schema_migrations"."version" FROM "schema_migrations" ORDER BY "schema_migrations"."version" ASC[0m
D, [2017-09-08T14:12:02.398375 #45] DEBUG -- :   [1m[36mActiveRecord::InternalMetadata Load (0.4ms)[0m  [1m[34mSELECT  "ar_internal_metadata".* FROM "ar_internal_metadata" WHERE "ar_internal_metadata"."key" = $1 LIMIT $2[0m  [["key", "environment"], ["LIMIT", 1]]
D, [2017-09-08T14:12:02.404905 #45] DEBUG -- :   [1m[35m (0.2ms)[0m  [1m[35mBEGIN[0m
D, [2017-09-08T14:12:02.406129 #45] DEBUG -- :   [1m[35m (0.1ms)[0m  [1m[35mCOMMIT[0m
D, [2017-09-08T14:12:02.406625 #45] DEBUG -- :   [1m[35m (0.3ms)[0m  [1m[34mSELECT pg_advisory_unlock(6866522877798867570)[0m
D, [2017-09-08T14:13:14.267895 #45] DEBUG -- :   [1m[35m (0.4ms)[0m  [1m[34mSELECT pg_try_advisory_lock(6866522877798867570)[0m
D, [2017-09-08T14:13:14.279342 #45] DEBUG -- :   [1m[35m (0.7ms)[0m  [1m[34mSELECT "schema_migrations"."version" FROM "schema_migrations" ORDER BY "schema_migrations"."version" ASC[0m
D, [2017-09-08T14:13:14.283686 #45] DEBUG -- :   [1m[36mActiveRecord::InternalMetadata Load (0.4ms)[0m  [1m[34mSELECT  "ar_internal_metadata".* FROM "ar_internal_metadata" WHERE "ar_internal_metadata"."key" = $1 LIMIT $2[0m  [["key", "environment"], ["LIMIT", 1]]
D, [2017-09-08T14:13:14.288722 #45] DEBUG -- :   [1m[35m (0.1ms)[0m  [1m[35mBEGIN[0m
D, [2017-09-08T14:13:14.289918 #45] DEBUG -- :   [1m[35m (0.1ms)[0m  [1m[35mCOMMIT[0m
D, [2017-09-08T14:13:14.290309 #45] DEBUG -- :   [1m[35m (0.2ms)[0m  [1m[34mSELECT pg_advisory_unlock(6866522877798867570)[0m
D, [2017-09-08T14:14:05.135790 #45] DEBUG -- :   [1m[35m (0.3ms)[0m  [1m[34mSELECT pg_try_advisory_lock(6866522877798867570)[0m
D, [2017-09-08T14:14:05.146117 #45] DEBUG -- :   [1m[35m (0.6ms)[0m  [1m[34mSELECT "schema_migrations"."version" FROM "schema_migrations" ORDER BY "schema_migrations"."version" ASC[0m
D, [2017-09-08T14:14:05.150040 #45] DEBUG -- :   [1m[36mActiveRecord::InternalMetadata Load (0.4ms)[0m  [1m[34mSELECT  "ar_internal_metadata".* FROM "ar_internal_metadata" WHERE "ar_internal_metadata"."key" = $1 LIMIT $2[0m  [["key", "environment"], ["LIMIT", 1]]
D, [2017-09-08T14:14:05.154515 #45] DEBUG -- :   [1m[35m (0.1ms)[0m  [1m[35mBEGIN[0m
D, [2017-09-08T14:14:05.155611 #45] DEBUG -- :   [1m[35m (0.1ms)[0m  [1m[35mCOMMIT[0m
D, [2017-09-08T14:14:05.155990 #45] DEBUG -- :   [1m[35m (0.2ms)[0m  [1m[34mSELECT pg_advisory_unlock(6866522877798867570)[0m
D, [2017-09-08T14:14:26.360334 #45] DEBUG -- :   [1m[35m (0.3ms)[0m  [1m[34mSELECT pg_try_advisory_lock(6866522877798867570)[0m
D, [2017-09-08T14:14:26.375546 #45] DEBUG -- :   [1m[35m (0.8ms)[0m  [1m[34mSELECT "schema_migrations"."version" FROM "schema_migrations" ORDER BY "schema_migrations"."version" ASC[0m
D, [2017-09-08T14:14:26.380328 #45] DEBUG -- :   [1m[36mActiveRecord::InternalMetadata Load (0.4ms)[0m  [1m[34mSELECT  "ar_internal_metadata".* FROM "ar_internal_metadata" WHERE "ar_internal_metadata"."key" = $1 LIMIT $2[0m  [["key", "environment"], ["LIMIT", 1]]
D, [2017-09-08T14:14:26.385496 #45] DEBUG -- :   [1m[35m (0.2ms)[0m  [1m[35mBEGIN[0m
D, [2017-09-08T14:14:26.386635 #45] DEBUG -- :   [1m[35m (0.2ms)[0m  [1m[35mCOMMIT[0m
D, [2017-09-08T14:14:26.387110 #45] DEBUG -- :   [1m[35m (0.3ms)[0m  [1m[34mSELECT pg_advisory_unlock(6866522877798867570)[0m
D, [2017-09-08T14:15:12.442431 #45] DEBUG -- :   [1m[35m (0.3ms)[0m  [1m[34mSELECT pg_try_advisory_lock(6866522877798867570)[0m
D, [2017-09-08T14:15:12.453646 #45] DEBUG -- :   [1m[35m (0.7ms)[0m  [1m[34mSELECT "schema_migrations"."version" FROM "schema_migrations" ORDER BY "schema_migrations"."version" ASC[0m
D, [2017-09-08T14:15:12.458045 #45] DEBUG -- :   [1m[36mActiveRecord::InternalMetadata Load (0.4ms)[0m  [1m[34mSELECT  "ar_internal_metadata".* FROM "ar_internal_metadata" WHERE "ar_internal_metadata"."key" = $1 LIMIT $2[0m  [["key", "environment"], ["LIMIT", 1]]
D, [2017-09-08T14:15:12.462917 #45] DEBUG -- :   [1m[35m (0.2ms)[0m  [1m[35mBEGIN[0m
D, [2017-09-08T14:15:12.464064 #45] DEBUG -- :   [1m[35m (0.1ms)[0m  [1m[35mCOMMIT[0m
D, [2017-09-08T14:15:12.464524 #45] DEBUG -- :   [1m[35m (0.3ms)[0m  [1m[34mSELECT pg_advisory_unlock(6866522877798867570)[0m
D, [2017-09-08T14:16:59.262657 #45] DEBUG -- :   [1m[35m (0.3ms)[0m  [1m[34mSELECT pg_try_advisory_lock(6866522877798867570)[0m
D, [2017-09-08T14:16:59.273139 #45] DEBUG -- :   [1m[35m (0.6ms)[0m  [1m[34mSELECT "schema_migrations"."version" FROM "schema_migrations" ORDER BY "schema_migrations"."version" ASC[0m
D, [2017-09-08T14:16:59.277201 #45] DEBUG -- :   [1m[36mActiveRecord::InternalMetadata Load (0.4ms)[0m  [1m[34mSELECT  "ar_internal_metadata".* FROM "ar_internal_metadata" WHERE "ar_internal_metadata"."key" = $1 LIMIT $2[0m  [["key", "environment"], ["LIMIT", 1]]
D, [2017-09-08T14:16:59.281623 #45] DEBUG -- :   [1m[35m (0.1ms)[0m  [1m[35mBEGIN[0m
D, [2017-09-08T14:16:59.282666 #45] DEBUG -- :   [1m[35m (0.1ms)[0m  [1m[35mCOMMIT[0m
D, [2017-09-08T14:16:59.283068 #45] DEBUG -- :   [1m[35m (0.2ms)[0m  [1m[34mSELECT pg_advisory_unlock(6866522877798867570)[0m
D, [2017-09-08T14:19:31.042672 #45] DEBUG -- :   [1m[35m (0.3ms)[0m  [1m[34mSELECT pg_try_advisory_lock(6866522877798867570)[0m
D, [2017-09-08T14:19:31.053255 #45] DEBUG -- :   [1m[35m (0.7ms)[0m  [1m[34mSELECT "schema_migrations"."version" FROM "schema_migrations" ORDER BY "schema_migrations"."version" ASC[0m
D, [2017-09-08T14:19:31.057263 #45] DEBUG -- :   [1m[36mActiveRecord::InternalMetadata Load (0.4ms)[0m  [1m[34mSELECT  "ar_internal_metadata".* FROM "ar_internal_metadata" WHERE "ar_internal_metadata"."key" = $1 LIMIT $2[0m  [["key", "environment"], ["LIMIT", 1]]
D, [2017-09-08T14:19:31.061636 #45] DEBUG -- :   [1m[35m (0.1ms)[0m  [1m[35mBEGIN[0m
D, [2017-09-08T14:19:31.062695 #45] DEBUG -- :   [1m[35m (0.1ms)[0m  [1m[35mCOMMIT[0m
D, [2017-09-08T14:19:31.063081 #45] DEBUG -- :   [1m[35m (0.2ms)[0m  [1m[34mSELECT pg_advisory_unlock(6866522877798867570)[0m
D, [2017-09-08T14:21:00.000682 #45] DEBUG -- :   [1m[35m (0.3ms)[0m  [1m[34mSELECT pg_try_advisory_lock(6866522877798867570)[0m
D, [2017-09-08T14:21:00.013064 #45] DEBUG -- :   [1m[35m (0.6ms)[0m  [1m[34mSELECT "schema_migrations"."version" FROM "schema_migrations" ORDER BY "schema_migrations"."version" ASC[0m
D, [2017-09-08T14:21:00.017377 #45] DEBUG -- :   [1m[36mActiveRecord::InternalMetadata Load (0.4ms)[0m  [1m[34mSELECT  "ar_internal_metadata".* FROM "ar_internal_metadata" WHERE "ar_internal_metadata"."key" = $1 LIMIT $2[0m  [["key", "environment"], ["LIMIT", 1]]
D, [2017-09-08T14:21:00.022218 #45] DEBUG -- :   [1m[35m (0.1ms)[0m  [1m[35mBEGIN[0m
D, [2017-09-08T14:21:00.023450 #45] DEBUG -- :   [1m[35m (0.2ms)[0m  [1m[35mCOMMIT[0m
D, [2017-09-08T14:21:00.023850 #45] DEBUG -- :   [1m[35m (0.2ms)[0m  [1m[34mSELECT pg_advisory_unlock(6866522877798867570)[0m
D, [2017-09-08T14:23:50.433923 #45] DEBUG -- :   [1m[35m (0.3ms)[0m  [1m[34mSELECT pg_try_advisory_lock(6866522877798867570)[0m
D, [2017-09-08T14:23:50.445410 #45] DEBUG -- :   [1m[35m (0.7ms)[0m  [1m[34mSELECT "schema_migrations"."version" FROM "schema_migrations" ORDER BY "schema_migrations"."version" ASC[0m
D, [2017-09-08T14:23:50.449914 #45] DEBUG -- :   [1m[36mActiveRecord::InternalMetadata Load (0.4ms)[0m  [1m[34mSELECT  "ar_internal_metadata".* FROM "ar_internal_metadata" WHERE "ar_internal_metadata"."key" = $1 LIMIT $2[0m  [["key", "environment"], ["LIMIT", 1]]
D, [2017-09-08T14:23:50.454792 #45] DEBUG -- :   [1m[35m (0.1ms)[0m  [1m[35mBEGIN[0m
D, [2017-09-08T14:23:50.455954 #45] DEBUG -- :   [1m[35m (0.2ms)[0m  [1m[35mCOMMIT[0m
D, [2017-09-08T14:23:50.456437 #45] DEBUG -- :   [1m[35m (0.3ms)[0m  [1m[34mSELECT pg_advisory_unlock(6866522877798867570)[0m
D, [2017-09-08T14:25:11.548354 #45] DEBUG -- :   [1m[35m (0.3ms)[0m  [1m[34mSELECT pg_try_advisory_lock(6866522877798867570)[0m
D, [2017-09-08T14:25:11.561355 #45] DEBUG -- :   [1m[35m (0.6ms)[0m  [1m[34mSELECT "schema_migrations"."version" FROM "schema_migrations" ORDER BY "schema_migrations"."version" ASC[0m
D, [2017-09-08T14:25:11.565340 #45] DEBUG -- :   [1m[36mActiveRecord::InternalMetadata Load (0.4ms)[0m  [1m[34mSELECT  "ar_internal_metadata".* FROM "ar_internal_metadata" WHERE "ar_internal_metadata"."key" = $1 LIMIT $2[0m  [["key", "environment"], ["LIMIT", 1]]
D, [2017-09-08T14:25:11.570015 #45] DEBUG -- :   [1m[35m (0.1ms)[0m  [1m[35mBEGIN[0m
D, [2017-09-08T14:25:11.571057 #45] DEBUG -- :   [1m[35m (0.2ms)[0m  [1m[35mCOMMIT[0m
D, [2017-09-08T14:25:11.571452 #45] DEBUG -- :   [1m[35m (0.2ms)[0m  [1m[34mSELECT pg_advisory_unlock(6866522877798867570)[0m
D, [2017-09-08T14:28:36.048708 #45] DEBUG -- :   [1m[35m (0.4ms)[0m  [1m[34mSELECT pg_try_advisory_lock(6866522877798867570)[0m
D, [2017-09-08T14:28:36.059852 #45] DEBUG -- :   [1m[35m (0.7ms)[0m  [1m[34mSELECT "schema_migrations"."version" FROM "schema_migrations" ORDER BY "schema_migrations"."version" ASC[0m
D, [2017-09-08T14:28:36.064098 #45] DEBUG -- :   [1m[36mActiveRecord::InternalMetadata Load (0.4ms)[0m  [1m[34mSELECT  "ar_internal_metadata".* FROM "ar_internal_metadata" WHERE "ar_internal_metadata"."key" = $1 LIMIT $2[0m  [["key", "environment"], ["LIMIT", 1]]
D, [2017-09-08T14:28:36.068867 #45] DEBUG -- :   [1m[35m (0.2ms)[0m  [1m[35mBEGIN[0m
D, [2017-09-08T14:28:36.069918 #45] DEBUG -- :   [1m[35m (0.1ms)[0m  [1m[35mCOMMIT[0m
D, [2017-09-08T14:28:36.070306 #45] DEBUG -- :   [1m[35m (0.2ms)[0m  [1m[34mSELECT pg_advisory_unlock(6866522877798867570)[0m
D, [2017-09-08T14:30:15.045298 #45] DEBUG -- :   [1m[35m (0.3ms)[0m  [1m[34mSELECT pg_try_advisory_lock(6866522877798867570)[0m
D, [2017-09-08T14:30:15.060081 #45] DEBUG -- :   [1m[35m (0.6ms)[0m  [1m[34mSELECT "schema_migrations"."version" FROM "schema_migrations" ORDER BY "schema_migrations"."version" ASC[0m
D, [2017-09-08T14:30:15.064221 #45] DEBUG -- :   [1m[36mActiveRecord::InternalMetadata Load (0.4ms)[0m  [1m[34mSELECT  "ar_internal_metadata".* FROM "ar_internal_metadata" WHERE "ar_internal_metadata"."key" = $1 LIMIT $2[0m  [["key", "environment"], ["LIMIT", 1]]
D, [2017-09-08T14:30:15.068948 #45] DEBUG -- :   [1m[35m (0.1ms)[0m  [1m[35mBEGIN[0m
D, [2017-09-08T14:30:15.070109 #45] DEBUG -- :   [1m[35m (0.1ms)[0m  [1m[35mCOMMIT[0m
D, [2017-09-08T14:30:15.070498 #45] DEBUG -- :   [1m[35m (0.2ms)[0m  [1m[34mSELECT pg_advisory_unlock(6866522877798867570)[0m
D, [2017-09-08T14:31:03.407054 #45] DEBUG -- :   [1m[35m (0.3ms)[0m  [1m[34mSELECT pg_try_advisory_lock(6866522877798867570)[0m
D, [2017-09-08T14:31:03.417788 #45] DEBUG -- :   [1m[35m (0.7ms)[0m  [1m[34mSELECT "schema_migrations"."version" FROM "schema_migrations" ORDER BY "schema_migrations"."version" ASC[0m
D, [2017-09-08T14:31:03.422181 #45] DEBUG -- :   [1m[36mActiveRecord::InternalMetadata Load (0.4ms)[0m  [1m[34mSELECT  "ar_internal_metadata".* FROM "ar_internal_metadata" WHERE "ar_internal_metadata"."key" = $1 LIMIT $2[0m  [["key", "environment"], ["LIMIT", 1]]
D, [2017-09-08T14:31:03.427289 #45] DEBUG -- :   [1m[35m (0.2ms)[0m  [1m[35mBEGIN[0m
D, [2017-09-08T14:31:03.428546 #45] DEBUG -- :   [1m[35m (0.1ms)[0m  [1m[35mCOMMIT[0m
D, [2017-09-08T14:31:03.428994 #45] DEBUG -- :   [1m[35m (0.3ms)[0m  [1m[34mSELECT pg_advisory_unlock(6866522877798867570)[0m
D, [2017-09-08T14:32:11.582838 #45] DEBUG -- :   [1m[35m (0.3ms)[0m  [1m[34mSELECT pg_try_advisory_lock(6866522877798867570)[0m
D, [2017-09-08T14:32:11.593934 #45] DEBUG -- :   [1m[35m (0.8ms)[0m  [1m[34mSELECT "schema_migrations"."version" FROM "schema_migrations" ORDER BY "schema_migrations"."version" ASC[0m
D, [2017-09-08T14:32:11.598585 #45] DEBUG -- :   [1m[36mActiveRecord::InternalMetadata Load (0.5ms)[0m  [1m[34mSELECT  "ar_internal_metadata".* FROM "ar_internal_metadata" WHERE "ar_internal_metadata"."key" = $1 LIMIT $2[0m  [["key", "environment"], ["LIMIT", 1]]
D, [2017-09-08T14:32:11.603684 #45] DEBUG -- :   [1m[35m (0.2ms)[0m  [1m[35mBEGIN[0m
D, [2017-09-08T14:32:11.604796 #45] DEBUG -- :   [1m[35m (0.1ms)[0m  [1m[35mCOMMIT[0m
D, [2017-09-08T14:32:11.605245 #45] DEBUG -- :   [1m[35m (0.3ms)[0m  [1m[34mSELECT pg_advisory_unlock(6866522877798867570)[0m
D, [2017-09-08T14:32:37.845667 #45] DEBUG -- :   [1m[35m (0.3ms)[0m  [1m[34mSELECT pg_try_advisory_lock(6866522877798867570)[0m
D, [2017-09-08T14:32:37.856469 #45] DEBUG -- :   [1m[35m (0.7ms)[0m  [1m[34mSELECT "schema_migrations"."version" FROM "schema_migrations" ORDER BY "schema_migrations"."version" ASC[0m
D, [2017-09-08T14:32:37.860766 #45] DEBUG -- :   [1m[36mActiveRecord::InternalMetadata Load (0.4ms)[0m  [1m[34mSELECT  "ar_internal_metadata".* FROM "ar_internal_metadata" WHERE "ar_internal_metadata"."key" = $1 LIMIT $2[0m  [["key", "environment"], ["LIMIT", 1]]
D, [2017-09-08T14:32:37.865290 #45] DEBUG -- :   [1m[35m (0.1ms)[0m  [1m[35mBEGIN[0m
D, [2017-09-08T14:32:37.866366 #45] DEBUG -- :   [1m[35m (0.1ms)[0m  [1m[35mCOMMIT[0m
D, [2017-09-08T14:32:37.866762 #45] DEBUG -- :   [1m[35m (0.2ms)[0m  [1m[34mSELECT pg_advisory_unlock(6866522877798867570)[0m
D, [2017-09-08T14:33:58.246325 #45] DEBUG -- :   [1m[35m (0.3ms)[0m  [1m[34mSELECT pg_try_advisory_lock(6866522877798867570)[0m
D, [2017-09-08T14:33:58.257458 #45] DEBUG -- :   [1m[35m (0.7ms)[0m  [1m[34mSELECT "schema_migrations"."version" FROM "schema_migrations" ORDER BY "schema_migrations"."version" ASC[0m
D, [2017-09-08T14:33:58.262071 #45] DEBUG -- :   [1m[36mActiveRecord::InternalMetadata Load (0.4ms)[0m  [1m[34mSELECT  "ar_internal_metadata".* FROM "ar_internal_metadata" WHERE "ar_internal_metadata"."key" = $1 LIMIT $2[0m  [["key", "environment"], ["LIMIT", 1]]
D, [2017-09-08T14:33:58.271577 #45] DEBUG -- :   [1m[35m (0.2ms)[0m  [1m[35mBEGIN[0m
D, [2017-09-08T14:33:58.272795 #45] DEBUG -- :   [1m[35m (0.1ms)[0m  [1m[35mCOMMIT[0m
D, [2017-09-08T14:33:58.273249 #45] DEBUG -- :   [1m[35m (0.3ms)[0m  [1m[34mSELECT pg_advisory_unlock(6866522877798867570)[0m
D, [2017-09-08T14:38:24.216572 #5] DEBUG -- :   [1m[35m (0.3ms)[0m  [1m[34mSELECT pg_try_advisory_lock(6866522877798867570)[0m
D, [2017-09-08T14:38:24.226894 #5] DEBUG -- :   [1m[35m (0.7ms)[0m  [1m[34mSELECT "schema_migrations"."version" FROM "schema_migrations" ORDER BY "schema_migrations"."version" ASC[0m
D, [2017-09-08T14:38:24.231174 #5] DEBUG -- :   [1m[36mActiveRecord::InternalMetadata Load (0.4ms)[0m  [1m[34mSELECT  "ar_internal_metadata".* FROM "ar_internal_metadata" WHERE "ar_internal_metadata"."key" = $1 LIMIT $2[0m  [["key", "environment"], ["LIMIT", 1]]
D, [2017-09-08T14:38:24.240106 #5] DEBUG -- :   [1m[35m (0.2ms)[0m  [1m[35mBEGIN[0m
D, [2017-09-08T14:38:24.241233 #5] DEBUG -- :   [1m[35m (0.2ms)[0m  [1m[35mCOMMIT[0m
D, [2017-09-08T14:38:24.241722 #5] DEBUG -- :   [1m[35m (0.3ms)[0m  [1m[34mSELECT pg_advisory_unlock(6866522877798867570)[0m
I, [2017-09-08T14:38:35.196620 #7]  INFO -- : [5dfceda9-7529-4de7-87ba-db94ed3b1924] Started GET "/places" for 31.174.203.193 at 2017-09-08 14:38:35 +0000
I, [2017-09-08T14:38:35.198785 #7]  INFO -- : [5dfceda9-7529-4de7-87ba-db94ed3b1924] Processing by PlacesController#index as */*
D, [2017-09-08T14:38:35.221319 #7] DEBUG -- : [5dfceda9-7529-4de7-87ba-db94ed3b1924]   [1m[36mPlace Load (0.8ms)[0m  [1m[34mSELECT "places".* FROM "places"[0m
I, [2017-09-08T14:38:35.299793 #7]  INFO -- : [5dfceda9-7529-4de7-87ba-db94ed3b1924] Completed 200 OK in 101ms (Views: 0.2ms | ActiveRecord: 83.5ms)
I, [2017-09-08T14:38:40.405391 #7]  INFO -- : [07be3963-30b7-4bdd-bf20-0989f7f51f05] Started POST "/places" for 31.174.203.193 at 2017-09-08 14:38:40 +0000
I, [2017-09-08T14:38:40.412498 #7]  INFO -- : [07be3963-30b7-4bdd-bf20-0989f7f51f05] Processing by PlacesController#create as */*
I, [2017-09-08T14:38:40.412593 #7]  INFO -- : [07be3963-30b7-4bdd-bf20-0989f7f51f05]   Parameters: {"place"=>{"name"=>"test name 2", "lat"=>"42.339376", "lng"=>"-71.086816"}}
D, [2017-09-08T14:38:40.424942 #7] DEBUG -- : [07be3963-30b7-4bdd-bf20-0989f7f51f05]   [1m[35m (0.2ms)[0m  [1m[35mBEGIN[0m
D, [2017-09-08T14:38:40.429385 #7] DEBUG -- : [07be3963-30b7-4bdd-bf20-0989f7f51f05]   [1m[35mSQL (3.0ms)[0m  [1m[32mINSERT INTO "places" ("name", "coords", "created_at", "updated_at") VALUES ($1, $2, $3, $4) RETURNING "id"[0m  [["name", "test name 2"], ["coords", "0020000001000010e640452b70ac3a860ec051c58e64b23140"], ["created_at", "2017-09-08 14:38:40.425191"], ["updated_at", "2017-09-08 14:38:40.425191"]]
D, [2017-09-08T14:38:40.431463 #7] DEBUG -- : [07be3963-30b7-4bdd-bf20-0989f7f51f05]   [1m[35m (1.5ms)[0m  [1m[35mCOMMIT[0m
I, [2017-09-08T14:38:40.432335 #7]  INFO -- : [07be3963-30b7-4bdd-bf20-0989f7f51f05] Completed 200 OK in 20ms (Views: 0.2ms | ActiveRecord: 8.3ms)
I, [2017-09-08T14:38:43.310706 #7]  INFO -- : [62b9de4c-4b9e-4931-bb5f-bd555e9b3367] Started GET "/places" for 31.174.203.193 at 2017-09-08 14:38:43 +0000
I, [2017-09-08T14:38:43.311791 #7]  INFO -- : [62b9de4c-4b9e-4931-bb5f-bd555e9b3367] Processing by PlacesController#index as */*
D, [2017-09-08T14:38:43.313991 #7] DEBUG -- : [62b9de4c-4b9e-4931-bb5f-bd555e9b3367]   [1m[36mPlace Load (0.5ms)[0m  [1m[34mSELECT "places".* FROM "places"[0m
I, [2017-09-08T14:38:43.315776 #7]  INFO -- : [62b9de4c-4b9e-4931-bb5f-bd555e9b3367] Completed 200 OK in 4ms (Views: 0.1ms | ActiveRecord: 0.5ms)
I, [2017-09-08T14:39:02.877685 #7]  INFO -- : [1747edbc-c02a-4614-bf5b-9996fc0aa059] Started GET "/status_check/index" for 31.174.203.193 at 2017-09-08 14:39:02 +0000
I, [2017-09-08T14:39:02.879747 #7]  INFO -- : [1747edbc-c02a-4614-bf5b-9996fc0aa059] Processing by StatusCheckController#index as */*
I, [2017-09-08T14:39:02.880610 #7]  INFO -- : [1747edbc-c02a-4614-bf5b-9996fc0aa059] Completed 200 OK in 1ms (Views: 0.2ms | ActiveRecord: 0.0ms)
D, [2017-09-08T15:00:18.510359 #44] DEBUG -- :   [1m[35m (0.3ms)[0m  [1m[34mSELECT pg_try_advisory_lock(6866522877798867570)[0m
D, [2017-09-08T15:00:18.526128 #44] DEBUG -- :   [1m[35m (0.7ms)[0m  [1m[34mSELECT "schema_migrations"."version" FROM "schema_migrations" ORDER BY "schema_migrations"."version" ASC[0m
D, [2017-09-08T15:00:18.530593 #44] DEBUG -- :   [1m[36mActiveRecord::InternalMetadata Load (0.5ms)[0m  [1m[34mSELECT  "ar_internal_metadata".* FROM "ar_internal_metadata" WHERE "ar_internal_metadata"."key" = $1 LIMIT $2[0m  [["key", "environment"], ["LIMIT", 1]]
D, [2017-09-08T15:00:18.535728 #44] DEBUG -- :   [1m[35m (0.2ms)[0m  [1m[35mBEGIN[0m
D, [2017-09-08T15:00:18.536964 #44] DEBUG -- :   [1m[35m (0.2ms)[0m  [1m[35mCOMMIT[0m
D, [2017-09-08T15:00:18.537416 #44] DEBUG -- :   [1m[35m (0.3ms)[0m  [1m[34mSELECT pg_advisory_unlock(6866522877798867570)[0m
D, [2017-09-08T15:12:38.874193 #11] DEBUG -- :   [1m[35m (0.3ms)[0m  [1m[34mSELECT pg_try_advisory_lock(6866522877798867570)[0m
D, [2017-09-08T15:12:38.884695 #11] DEBUG -- :   [1m[35m (0.7ms)[0m  [1m[34mSELECT "schema_migrations"."version" FROM "schema_migrations" ORDER BY "schema_migrations"."version" ASC[0m
D, [2017-09-08T15:12:38.888846 #11] DEBUG -- :   [1m[36mActiveRecord::InternalMetadata Load (0.4ms)[0m  [1m[34mSELECT  "ar_internal_metadata".* FROM "ar_internal_metadata" WHERE "ar_internal_metadata"."key" = $1 LIMIT $2[0m  [["key", "environment"], ["LIMIT", 1]]
D, [2017-09-08T15:12:38.893735 #11] DEBUG -- :   [1m[35m (0.1ms)[0m  [1m[35mBEGIN[0m
D, [2017-09-08T15:12:38.894795 #11] DEBUG -- :   [1m[35m (0.1ms)[0m  [1m[35mCOMMIT[0m
D, [2017-09-08T15:12:38.895192 #11] DEBUG -- :   [1m[35m (0.2ms)[0m  [1m[34mSELECT pg_advisory_unlock(6866522877798867570)[0m
D, [2017-09-08T15:59:18.065215 #11] DEBUG -- :   [1m[35m (0.3ms)[0m  [1m[34mSELECT pg_try_advisory_lock(6866522877798867570)[0m
D, [2017-09-08T15:59:18.075422 #11] DEBUG -- :   [1m[35m (0.7ms)[0m  [1m[34mSELECT "schema_migrations"."version" FROM "schema_migrations" ORDER BY "schema_migrations"."version" ASC[0m
D, [2017-09-08T15:59:18.079494 #11] DEBUG -- :   [1m[36mActiveRecord::InternalMetadata Load (0.4ms)[0m  [1m[34mSELECT  "ar_internal_metadata".* FROM "ar_internal_metadata" WHERE "ar_internal_metadata"."key" = $1 LIMIT $2[0m  [["key", "environment"], ["LIMIT", 1]]
D, [2017-09-08T15:59:18.083913 #11] DEBUG -- :   [1m[35m (0.1ms)[0m  [1m[35mBEGIN[0m
D, [2017-09-08T15:59:18.084971 #11] DEBUG -- :   [1m[35m (0.2ms)[0m  [1m[35mCOMMIT[0m
D, [2017-09-08T15:59:18.085361 #11] DEBUG -- :   [1m[35m (0.2ms)[0m  [1m[34mSELECT pg_advisory_unlock(6866522877798867570)[0m
I, [2017-09-08T15:59:25.904656 #13]  INFO -- : [38703337-84e3-456a-9603-cb949d76c46b] Started GET "/status_check/index" for 31.174.203.193 at 2017-09-08 15:59:25 +0000
I, [2017-09-08T15:59:25.907285 #13]  INFO -- : [38703337-84e3-456a-9603-cb949d76c46b] Processing by StatusCheckController#index as */*
I, [2017-09-08T15:59:25.908315 #13]  INFO -- : [38703337-84e3-456a-9603-cb949d76c46b] Completed 200 OK in 1ms (Views: 0.2ms)
I, [2017-09-08T15:59:27.630172 #13]  INFO -- : [4b0017a5-2301-4f6a-9aae-953d078ad4b6] Started GET "/places" for 31.174.203.193 at 2017-09-08 15:59:27 +0000
I, [2017-09-08T15:59:27.631241 #13]  INFO -- : [4b0017a5-2301-4f6a-9aae-953d078ad4b6] Processing by PlacesController#index as */*
D, [2017-09-08T15:59:27.703411 #13] DEBUG -- : [4b0017a5-2301-4f6a-9aae-953d078ad4b6]   [1m[36mPlace Load (53.2ms)[0m  [1m[34mSELECT "places".* FROM "places"[0m
I, [2017-09-08T15:59:27.719087 #13]  INFO -- : [4b0017a5-2301-4f6a-9aae-953d078ad4b6] Completed 200 OK in 88ms (Views: 0.2ms | ActiveRecord: 65.6ms)
